app/build/intermediates/manifest_merge_blame_file/release/manifest-merger-blame-release-report.txt
1<?xml version="1.0" encoding="utf-8"?>
2<manifest xmlns:android="http://schemas.android.com/apk/res/android"
3    package="com.example.todomvvm"
4    android:versionCode="1"
5    android:versionName="1.0" >
6
7    <uses-sdk
8        android:minSdkVersion="27"
8-->src\main\AndroidManifest.xml
9        android:targetSdkVersion="33" />
9-->src\main\AndroidManifest.xml
10
11    <application
11-->src\main\AndroidManifest.xml:4:5-24:19
12        android:allowBackup="true"
12-->src\main\AndroidManifest.xml:5:9-35
13        android:appComponentFactory="androidx.core.app.CoreComponentFactory"
13-->[androidx.core:core:1.1.0] AndroidManifest.xml:24:18-86
14        android:extractNativeLibs="false"
15        android:icon="@mipmap/ic_launcher"
15-->src\main\AndroidManifest.xml:6:9-43
16        android:label="@string/app_name"
16-->src\main\AndroidManifest.xml:7:9-41
17        android:roundIcon="@mipmap/ic_launcher_round"
17-->src\main\AndroidManifest.xml:8:9-54
18        android:supportsRtl="true"
18-->src\main\AndroidManifest.xml:9:9-35
19        android:theme="@style/AppTheme" >
19-->src\main\AndroidManifest.xml:10:9-40
20        <activity
20-->src\main\AndroidManifest.xml:11:9-20:20
21            android:name="com.example.todomvvm.SplashActivity"
21-->src\main\AndroidManifest.xml:12:13-43
22            android:exported="true"
22-->src\main\AndroidManifest.xml:14:13-36
23            android:theme="@style/AppThemeNoAppBar" >
23-->src\main\AndroidManifest.xml:13:13-52
24            <intent-filter>
24-->src\main\AndroidManifest.xml:15:13-19:29
25                <action android:name="android.intent.action.MAIN" />
25-->src\main\AndroidManifest.xml:16:17-69
25-->src\main\AndroidManifest.xml:16:25-66
26
27                <category android:name="android.intent.category.LAUNCHER" />
27-->src\main\AndroidManifest.xml:18:17-77
27-->src\main\AndroidManifest.xml:18:27-74
28            </intent-filter>
29        </activity>
30        <activity android:name="com.example.todomvvm.TodoActivity" >
30-->src\main\AndroidManifest.xml:21:9-23:20
30-->src\main\AndroidManifest.xml:21:19-47
31        </activity>
32
33        <service
33-->[androidx.room:room-runtime:2.2.1] AndroidManifest.xml:25:9-27:40
34            android:name="androidx.room.MultiInstanceInvalidationService"
34-->[androidx.room:room-runtime:2.2.1] AndroidManifest.xml:26:13-74
35            android:exported="false" />
35-->[androidx.room:room-runtime:2.2.1] AndroidManifest.xml:27:13-37
36
37        <provider
37-->[androidx.lifecycle:lifecycle-process:2.2.0-rc01] AndroidManifest.xml:25:9-29:43
38            android:name="androidx.lifecycle.ProcessLifecycleOwnerInitializer"
38-->[androidx.lifecycle:lifecycle-process:2.2.0-rc01] AndroidManifest.xml:26:13-79
39            android:authorities="com.example.todomvvm.lifecycle-process"
39-->[androidx.lifecycle:lifecycle-process:2.2.0-rc01] AndroidManifest.xml:27:13-69
40            android:exported="false"
40-->[androidx.lifecycle:lifecycle-process:2.2.0-rc01] AndroidManifest.xml:28:13-37
41            android:multiprocess="true" />
41-->[androidx.lifecycle:lifecycle-process:2.2.0-rc01] AndroidManifest.xml:29:13-40
42    </application>
43
44</manifest>